<?xml version="1.0" encoding="UTF-8"?>
<!-- Generated by org.testng.reporters.JUnitReportReporter -->
<testsuite hostname="MSI" failures="0" tests="2" name="com.tutorialsninja.qa.testcase.LogOutTest" time="18.055" errors="0" timestamp="2025-03-01T13:45:20 IST" skipped="0">
  <testcase classname="com.tutorialsninja.qa.testcase.LogOutTest" name="verifyLoggingOutBySelectingLogOutOption" time="8.027"/>
  <testcase classname="com.tutorialsninja.qa.testcase.LogOutTest" name="verifyLoggingOutBySelectingLogoutOptionFromRightColumnOption" time="10.028"/>
</testsuite> <!-- com.tutorialsninja.qa.testcase.LogOutTest -->
