<?xml version="1.0" encoding="UTF-8"?>
<!-- Generated by org.testng.reporters.JUnitReportReporter -->
<testsuite hostname="MSI" failures="0" tests="2" name="com.tutorialsninja.qa.testcase.LogOut" time="12.236" errors="0" timestamp="2025-03-01T12:51:54 IST" skipped="0">
  <testcase classname="com.tutorialsninja.qa.testcase.LogOut" name="verifyLoggingOutBySelectingLogOutOption" time="6.145"/>
  <testcase classname="com.tutorialsninja.qa.testcase.LogOut" name="verifyLoggingOutBySelectingLogoutOptionFromRightColumnOption" time="6.091"/>
</testsuite> <!-- com.tutorialsninja.qa.testcase.LogOut -->
