<?xml version="1.0" encoding="UTF-8"?>
<!-- Generated by org.testng.reporters.JUnitReportReporter -->
<testsuite hostname="MSI" failures="0" tests="4" name="com.tutorialsninja.qa.testcase.RegisterTest" time="32.678" errors="0" timestamp="2025-03-01T21:04:53 IST" skipped="0">
  <testcase classname="com.tutorialsninja.qa.testcase.RegisterTest" name="VerifyRegisteringAccountWithMandatoryFields" time="8.560"/>
  <testcase classname="com.tutorialsninja.qa.testcase.RegisterTest" name="VerifyRegisteringAccountByProvidingAllFields" time="12.330"/>
  <testcase classname="com.tutorialsninja.qa.testcase.RegisterTest" name="VerifyRegisteringAccountWithExistingEmailAddress" time="6.755"/>
  <testcase classname="com.tutorialsninja.qa.testcase.RegisterTest" name="VerifyRegisteringAccountWithoutFillingAnyDetails" time="5.033"/>
</testsuite> <!-- com.tutorialsninja.qa.testcase.RegisterTest -->
