<?xml version="1.0" encoding="UTF-8"?>
<!-- Generated by org.testng.reporters.JUnitReportReporter -->
<testsuite hostname="MSI" failures="0" tests="3" name="com.tutorialsninja.qa.testcase.ShoppingCartTest" time="18.539" errors="0" timestamp="2025-03-05T14:23:52 IST" skipped="0">
  <testcase classname="com.tutorialsninja.qa.testcase.ShoppingCartTest" name="verifyNavigatingToShoppingCartPageFromTheSuccessMessage" time="7.201"/>
  <testcase classname="com.tutorialsninja.qa.testcase.ShoppingCartTest" name="verifyNavigatingToShoppingCartPageFromSiteMapFooterPage" time="5.891"/>
  <testcase classname="com.tutorialsninja.qa.testcase.ShoppingCartTest" name="verifyTheCartButtonWhenThereAreNoProductsAddedToTheShoppingCart" time="5.447"/>
</testsuite> <!-- com.tutorialsninja.qa.testcase.ShoppingCartTest -->
