<?xml version="1.0" encoding="UTF-8"?>
<!-- Generated by org.testng.reporters.JUnitReportReporter -->
<testsuite hostname="MSI" failures="0" tests="7" name="com.tutorialsninja.qa.testcase.LoginTest" time="48.216" errors="0" timestamp="2025-03-02T12:21:11 IST" skipped="0">
  <testcase classname="com.tutorialsninja.qa.testcase.LoginTest" name="VerifyLoginWithValidCredentials" time="5.209"/>
  <testcase classname="com.tutorialsninja.qa.testcase.LoginTest" name="VerifyLoginWithValidCredentials" time="12.741"/>
  <testcase classname="com.tutorialsninja.qa.testcase.LoginTest" name="VerifyLoginWithValidCredentials" time="5.608"/>
  <testcase classname="com.tutorialsninja.qa.testcase.LoginTest" name="VerifyLoginWithInvalidCredentials" time="5.264"/>
  <testcase classname="com.tutorialsninja.qa.testcase.LoginTest" name="VerifyLoginWithInvalidEmailAndValidPassword" time="5.224"/>
  <testcase classname="com.tutorialsninja.qa.testcase.LoginTest" name="VerifyLoginWithValidEmailAndInvalidPassword" time="7.925"/>
  <testcase classname="com.tutorialsninja.qa.testcase.LoginTest" name="VerifyLoginWithoutProvidingcredentials" time="6.245"/>
</testsuite> <!-- com.tutorialsninja.qa.testcase.LoginTest -->
