<?xml version="1.0" encoding="UTF-8"?>
<!-- Generated by org.testng.reporters.JUnitReportReporter -->
<testsuite hostname="MSI" failures="0" tests="1" name="com.tutorialsninja.qa.testcase.AddToCartTest" time="6.444" errors="0" timestamp="2025-03-05T14:25:16 IST" skipped="0">
  <testcase classname="com.tutorialsninja.qa.testcase.AddToCartTest" name="verifyAddingTheProductToCartFromSearchResultPage" time="6.444"/>
</testsuite> <!-- com.tutorialsninja.qa.testcase.AddToCartTest -->
