<?xml version="1.0" encoding="UTF-8"?>
<!-- Generated by org.testng.reporters.JUnitReportReporter -->
<testsuite hostname="MSI" failures="0" tests="1" name="com.tutorialsninja.qa.testcase.AddToCart" time="6.328" errors="0" timestamp="2025-03-03T18:36:47 IST" skipped="0">
  <testcase classname="com.tutorialsninja.qa.testcase.AddToCart" name="verifyAddingTheProductToCartFromSearchResultPage" time="6.328"/>
</testsuite> <!-- com.tutorialsninja.qa.testcase.AddToCart -->
